[2025-11-07 12:46:52] === Desktop arrancando (stdout line-buffered) ===
[2025-11-07 13:04:34] === Desktop arrancando (stdout line-buffered) ===
[2025-11-07 13:39:06] === Desktop arrancando (stdout line-buffered) ===
[2025-11-07 13:39:10] GOOGLE: iniciando flujo PKCE...
[2025-11-07 13:39:15] GOOGLE: EXCEPCION -> Google rechazó el intercambio porque el Client ID es de tipo 'Web'.
Crea un OAuth client de tipo 'Desktop app' y usa su CLIENT_ID (sin secret).
[2025-11-07 13:42:50] === Desktop arrancando (stdout line-buffered) ===
[2025-11-07 13:42:54] GOOGLE: iniciando flujo PKCE...
[2025-11-07 13:42:59] GOOGLE: EXCEPCION -> Google rechazó el intercambio porque el Client ID es de tipo 'Web'.
Crea un OAuth client de tipo 'Desktop app' y usa su CLIENT_ID (sin secret).
[2025-11-07 13:54:33] === Desktop arrancando (stdout line-buffered) ===
[2025-11-07 13:54:34] GOOGLE: iniciando flujo PKCE...
[2025-11-07 13:54:44] GOOGLE: respuesta backend = {'ok': True, 'access_token': 'eyJhbGciOiJIUzI1NiIsInR5cCI6IkpXVCJ9.eyJzdWIiOiI2IiwidXNyIjoiZGF2aWRmZWxpcGU3dTcyQGdtYWlsLmNvbSIsInJvbCI6IkFETUlOIiwiZXhwIjoxNzYyNjI4MDg0fQ.dIXQXPTM3nDN3UPpQa_0LabOnDHqaMdvnn7ovwaWiLQ', 'token_type': 'bearer', 'rol': 'ADMIN', 'usuario': 'davidfelipe7u72@gmail.com', 'nombre_usuario': 'davidfelipe7u72@gmail.com'}
[2025-11-07 13:55:57] === Desktop arrancando (stdout line-buffered) ===
[2025-11-07 13:55:58] GOOGLE: iniciando flujo PKCE...
[2025-11-07 13:56:07] GOOGLE: respuesta backend = {'ok': True, 'pendiente_aprobacion': True}
[2025-11-07 15:37:17] === Desktop arrancando (stdout line-buffered) ===
[2025-11-07 15:37:19] GOOGLE: iniciando flujo PKCE...
[2025-11-07 15:37:49] GOOGLE: respuesta backend = {'access_token': 'ya29.a0ATi6K2skz-U0oruIErcGc3GptbGd-CrO-1dm1_3ldlVZC6mfP5qC5Cakfj0F8beeH640HqImsgosh1Rp_aErF3Yufv89Yb9IvIDqqsnZuqQam2_xaBN8KY-g7-4Rew90vaEbIqVdZjSVzrOQDe93EmnQo4efa0kOEns8bEk7Ie-ySDKd_PYrM-edU86jUIsDO-pEQ74aCgYKAeUSARASFQHGX2MiLPVwj2_TRIh9c77F-C7wxQ0206', 'expires_in': 3599, 'refresh_token': '1//05Uldo8cbaA0bCgYIARAAGAUSNwF-L9IrGsEU2ySi0KQGnKw2A4IgqTv_bfuO0kVTe48vei1gwZEQFQgXq-PuK38OsA5o4POLnYM', 'scope': 'https://www.googleapis.com/auth/userinfo.profile https://www.googleapis.com/auth/userinfo.email openid', 'token_type': 'Bearer', 'id_token': 'eyJhbGciOiJSUzI1NiIsImtpZCI6IjRmZWI0NGYwZjdhN2UyN2M3YzQwMzM3OWFmZjIwYWY1YzhjZjUyZGMiLCJ0eXAiOiJKV1QifQ.eyJpc3MiOiJodHRwczovL2FjY291bnRzLmdvb2dsZS5jb20iLCJhenAiOiIzMjY4Mjk3OTgxNDgtcjVkZWYzdjZzZTViMGo5bnNlYXQ2M3NxM2FoNjg3MjguYXBwcy5nb29nbGV1c2VyY29udGVudC5jb20iLCJhdWQiOiIzMjY4Mjk3OTgxNDgtcjVkZWYzdjZzZTViMGo5bnNlYXQ2M3NxM2FoNjg3MjguYXBwcy5nb29nbGV1c2VyY29udGVudC5jb20iLCJzdWIiOiIxMDk3Mjc5ODEwOTg1NjM1OTEyMzIiLCJlbWFpbCI6ImRhdmlkZmVsaXBlN3U3MUBnbWFpbC5jb20iLCJlbWFpbF92ZXJpZmllZCI6dHJ1ZSwiYXRfaGFzaCI6ImhqY1ZPQzNFZmZmdi1vYXJKOXdpcGciLCJuYW1lIjoiZGF2aWQgRXNwaW5vc2EgR29leiIsInBpY3R1cmUiOiJodHRwczovL2xoMy5nb29nbGV1c2VyY29udGVudC5jb20vYS9BQ2c4b2NJUHBFRklJeURvdTJwRzE1VW5TQUNNSzlDLV9tSll0TnV1MDVfUDdqSGUxWVk3QWc9czk2LWMiLCJnaXZlbl9uYW1lIjoiZGF2aWQiLCJmYW1pbHlfbmFtZSI6IkVzcGlub3NhIEdvZXoiLCJpYXQiOjE3NjI1NDc4MjMsImV4cCI6MTc2MjU1MTQyM30.As_zqM1btO5nzbEqkQfu8Mfv9t9V3CcykcUpdt97ZpVVxgPV6gIrHuTdm04ekgJV4QZXMOyrKvqNIHNvzzfLuUTDh-QmilTPKIYjJ6tfz0sb1TtPlAOGpKxCkRZxLZSJ6Xoeh1R2T-C2-1CMkpvpOOyc4NfjRwzWvsfy-wNMbyFwXqkCZWvS9LhBFFsIxlqCmK6K5-ieq5BEqaZjv3XOP9Uv3VEp0oNRJS-P_nHJCKD1gDRKqbrLs91SSeJDRHh8PHWD0ZdWmMkOQxnfHCp3xB3OrL5FfK6Gm_gLxfdfBO1agZF3mcYuRPPjyVfOySOXEmFuHP0sB-Un5XNIy4eExA'}
[2025-11-07 15:38:50] === Desktop arrancando (stdout line-buffered) ===
[2025-11-07 15:38:52] GOOGLE: iniciando flujo PKCE...
[2025-11-07 15:39:11] GOOGLE: respuesta backend = {'access_token': 'ya29.a0ATi6K2tQRkpd2Bvlwl8--2Al_DAH78bGYsVNOhgW_4MWvCt18IMC-AHnBhVnugzrMmUWIq-CCYwC7E-QBduP5Y8BYISfF4p61eqVr5nP64DvIYxuSaPFhAvK2agQTVTXsIQszEPNl6SAdDz_JMGmvYLciFKa_wh9pen3ty80vJuOW_qA0Prh2SRUvRPef14urmu8fSIaCgYKAcYSARASFQHGX2Mi5tL5HCg3qf893RohPxHGgw0206', 'expires_in': 3599, 'refresh_token': '1//050k7pgROCza8CgYIARAAGAUSNwF-L9Ir-AEPEyv60a9Yg9A4Iyw8oE_DH2qf2FPelpywEAxXcsTKxLfE8KgOKpvA0woECI_rTNQ', 'scope': 'openid https://www.googleapis.com/auth/userinfo.email https://www.googleapis.com/auth/userinfo.profile', 'token_type': 'Bearer', 'id_token': 'eyJhbGciOiJSUzI1NiIsImtpZCI6IjRmZWI0NGYwZjdhN2UyN2M3YzQwMzM3OWFmZjIwYWY1YzhjZjUyZGMiLCJ0eXAiOiJKV1QifQ.eyJpc3MiOiJodHRwczovL2FjY291bnRzLmdvb2dsZS5jb20iLCJhenAiOiIzMjY4Mjk3OTgxNDgtcjVkZWYzdjZzZTViMGo5bnNlYXQ2M3NxM2FoNjg3MjguYXBwcy5nb29nbGV1c2VyY29udGVudC5jb20iLCJhdWQiOiIzMjY4Mjk3OTgxNDgtcjVkZWYzdjZzZTViMGo5bnNlYXQ2M3NxM2FoNjg3MjguYXBwcy5nb29nbGV1c2VyY29udGVudC5jb20iLCJzdWIiOiIxMDM1NDY0NzI1ODIwOTA1NTczNTQiLCJlbWFpbCI6ImRhdmlkZmVsaXBlN3U3MkBnbWFpbC5jb20iLCJlbWFpbF92ZXJpZmllZCI6dHJ1ZSwiYXRfaGFzaCI6IldLQW1fMHppS3J1bkZNa1pxTktUTXciLCJuYW1lIjoiRmVsaXBlIEVzcGlub3NhIiwicGljdHVyZSI6Imh0dHBzOi8vbGgzLmdvb2dsZXVzZXJjb250ZW50LmNvbS9hL0FDZzhvY0pzX3M5blM1YzRLTmtJcC0xdkdJNjJQb0tibTNRYVdObUJrbGs5d0YwZW9CMms3ZFk9czk2LWMiLCJnaXZlbl9uYW1lIjoiRmVsaXBlIiwiZmFtaWx5X25hbWUiOiJFc3Bpbm9zYSIsImlhdCI6MTc2MjU0NzkwNiwiZXhwIjoxNzYyNTUxNTA2fQ.cUncdSfSUkfsDWqFqaYB_08Sn1abuaocHf7Eb7t1VlsIgmSKpBWQlLKMzupcvsdAE9pngpOVOAI6LrstV4gAVq4JPb9K5LXGzGgMxHg0hSv8aCZ5P3sTFGnUkzgE9Ty3RE_BPabJ6SWvb6gC_YXSyPoih2LnKaLOBmazLTEx7Esdm43g-AJR7gEmN3AIaoJ8InYDMs_Ot_eMs7wf2sQ_9BMoWpV0yDiXYOGSOLjEMYyA85nH0ApRXclL3sRbJB9Um7kpKvqH-UaumER6DAo7neIdd4HhbFEUwI67s_HfDwyMhb7drZjTxHy9gTU-JMcy-CmEcaw4IZLeFBWacAdwjA'}
[2025-11-07 16:28:30] === Desktop arrancando (stdout line-buffered) ===
[2025-11-07 16:28:34] GOOGLE: iniciando flujo PKCE...
[2025-11-07 16:28:53] GOOGLE: respuesta backend = {'access_token': 'ya29.a0ATi6K2t1s7qLv6AOfs4Wm8bX5KtyMgBHoOUhUcENU74L7C7SBG_OC686xvFGXLsnUzXV3VId8JmIE9Ty0gLQViyYvVSbtBultus09pOcYGMBSET7sz_56bgIT0zL_PGm4ZVzdSE6JkNzU8wsF6si_7TpBlcadczjF4ia8Jr7dHsyaWewmtibNfCv3kbky7bN7IFnCBEaCgYKAZYSARASFQHGX2Mi78Rbu_n_blFCH7HCKd6-GA0206', 'expires_in': 3599, 'refresh_token': '1//050YGxWzL8FNTCgYIARAAGAUSNwF-L9Ir51MMYwfhp0ThH8nXzH0jJHrqCXaO8CjjvlpTcKP1rmFEO-swAYGWkOFgtOPxqLBSplI', 'scope': 'https://www.googleapis.com/auth/userinfo.email https://www.googleapis.com/auth/userinfo.profile openid', 'token_type': 'Bearer', 'id_token': 'eyJhbGciOiJSUzI1NiIsImtpZCI6IjRmZWI0NGYwZjdhN2UyN2M3YzQwMzM3OWFmZjIwYWY1YzhjZjUyZGMiLCJ0eXAiOiJKV1QifQ.eyJpc3MiOiJodHRwczovL2FjY291bnRzLmdvb2dsZS5jb20iLCJhenAiOiIzMjY4Mjk3OTgxNDgtcjVkZWYzdjZzZTViMGo5bnNlYXQ2M3NxM2FoNjg3MjguYXBwcy5nb29nbGV1c2VyY29udGVudC5jb20iLCJhdWQiOiIzMjY4Mjk3OTgxNDgtcjVkZWYzdjZzZTViMGo5bnNlYXQ2M3NxM2FoNjg3MjguYXBwcy5nb29nbGV1c2VyY29udGVudC5jb20iLCJzdWIiOiIxMDk3Mjc5ODEwOTg1NjM1OTEyMzIiLCJlbWFpbCI6ImRhdmlkZmVsaXBlN3U3MUBnbWFpbC5jb20iLCJlbWFpbF92ZXJpZmllZCI6dHJ1ZSwiYXRfaGFzaCI6ImNNRnN6OE9naTl4ZEdBRGphT0VsYlEiLCJuYW1lIjoiZGF2aWQgRXNwaW5vc2EgR29leiIsInBpY3R1cmUiOiJodHRwczovL2xoMy5nb29nbGV1c2VyY29udGVudC5jb20vYS9BQ2c4b2NJUHBFRklJeURvdTJwRzE1VW5TQUNNSzlDLV9tSll0TnV1MDVfUDdqSGUxWVk3QWc9czk2LWMiLCJnaXZlbl9uYW1lIjoiZGF2aWQiLCJmYW1pbHlfbmFtZSI6IkVzcGlub3NhIEdvZXoiLCJpYXQiOjE3NjI1NTA4ODgsImV4cCI6MTc2MjU1NDQ4OH0.uaUp_C5ykjcMoQlT5J0cY-KTlS9uwzwuUpa422eCUwdBe5VzliJQ1vnHzoBT4d7gSNHvhDVEMQIeQgR77syXqrekY5vBM7161873m2PAQTkq4pWV7Ar57r9XF0medupWtSPI1bnKOjJA1pz_83kbpAZJmXXf4HAdqvKGimEq27zCTmVRwhP8HNfRzG3RZ4-CuIbhaEABYn8gLF2xSSf4zSnd-Z74_5cRJC14dxnV2nAxd3ifEdL8OZP8ZKd-XQu91zC8eNNE1eWsmWdboMB4VlT8RzBgvrcFcq5NI4T20_vhfNL5d4Xvyr1zfG4xoHnoUhRA1lvBa405qXLE55xFLw'}
[2025-11-07 16:35:27] === Desktop arrancando (stdout line-buffered) ===
[2025-11-07 16:35:48] === Desktop arrancando (stdout line-buffered) ===
[2025-11-07 16:35:52] GOOGLE: iniciando flujo PKCE...
[2025-11-07 16:35:58] GOOGLE: respuesta backend = {'ok': True, 'access_token': 'eyJhbGciOiJIUzI1NiIsInR5cCI6IkpXVCJ9.eyJzdWIiOiI2IiwidXNyIjoiZGF2aWRmZWxpcGU3dTcyQGdtYWlsLmNvbSIsInJvbCI6IkFETUlOIiwiZXhwIjoxNzYyNjM3NzU4fQ.XxtdvNs6L9y9EB1iAPUt7fQjWn7lRT9qBlVUzLorJJE', 'token_type': 'bearer', 'rol': 'ADMIN', 'usuario': 'davidfelipe7u72@gmail.com', 'nombre_usuario': 'davidfelipe7u72@gmail.com'}
[2025-11-07 16:36:23] === Desktop arrancando (stdout line-buffered) ===
[2025-11-07 16:36:26] GOOGLE: iniciando flujo PKCE...
[2025-11-07 16:36:33] GOOGLE: respuesta backend = {'ok': True, 'pendiente_aprobacion': True}
[2025-11-07 17:07:01] === Desktop arrancando (stdout line-buffered) ===
[2025-11-07 17:07:04] GOOGLE: iniciando flujo PKCE...
[2025-11-07 17:07:16] GOOGLE: respuesta backend = {'ok': True, 'pendiente_aprobacion': True, 'notified_admins_count': 1}
[2025-11-07 17:22:47] === Desktop arrancando (stdout line-buffered) ===
[2025-11-07 17:22:49] GOOGLE: iniciando flujo PKCE...
[2025-11-07 17:22:55] GOOGLE: respuesta backend = {'ok': True, 'pendiente_aprobacion': True, 'notified_admins_count': 1}
[2025-11-07 17:36:32] === Desktop arrancando (stdout line-buffered) ===
[2025-11-07 17:36:34] GOOGLE: iniciando flujo PKCE...
[2025-11-07 17:37:34] GOOGLE: EXCEPCION -> No se recibió 'code' (timeout).
[2025-11-07 17:49:32] === Desktop arrancando (stdout line-buffered) ===
[2025-11-07 17:49:33] GOOGLE: iniciando flujo PKCE...
[2025-11-07 17:49:47] GOOGLE: respuesta backend = {'ok': True, 'pendiente_aprobacion': True}
[2025-11-07 18:13:24] === Desktop arrancando (stdout line-buffered) ===
[2025-11-07 19:12:12] === Desktop arrancando (stdout line-buffered) ===
[2025-11-07 19:25:07] === Desktop arrancando (stdout line-buffered) ===
[2025-11-07 19:25:13] GOOGLE: iniciando flujo PKCE...
[2025-11-07 19:25:20] GOOGLE: respuesta backend = {'ok': True, 'access_token': 'eyJhbGciOiJIUzI1NiIsInR5cCI6IkpXVCJ9.eyJzdWIiOiI3IiwidXNyIjoiZGF2aWRmZWxpcGU3dTcxQGdtYWlsLmNvbSIsInJvbCI6IklNUFJFU0lPTiIsImV4cCI6MTc2MjY0NzkyMH0.ZeFYmrHwYTYmDKNgAAR9IUthCEWqUNKKTopOqZl7Bxs', 'token_type': 'bearer', 'rol': 'IMPRESION', 'usuario': 'davidfelipe7u71@gmail.com', 'nombre_usuario': 'davidfelipe7u71@gmail.com'}
[2025-11-07 19:25:49] === Desktop arrancando (stdout line-buffered) ===
[2025-11-07 19:25:52] GOOGLE: iniciando flujo PKCE...
[2025-11-07 19:26:07] GOOGLE: respuesta backend = {'ok': True, 'access_token': 'eyJhbGciOiJIUzI1NiIsInR5cCI6IkpXVCJ9.eyJzdWIiOiI2IiwidXNyIjoiZGF2aWRmZWxpcGU3dTcyQGdtYWlsLmNvbSIsInJvbCI6IkFETUlOIiwiZXhwIjoxNzYyNjQ3OTY3fQ.d_nMAXW7uyznMCiGt8vTPZDrdGsupSsEgjStOu9rfi8', 'token_type': 'bearer', 'rol': 'ADMIN', 'usuario': 'davidfelipe7u72@gmail.com', 'nombre_usuario': 'davidfelipe7u72@gmail.com'}
[2025-11-07 20:07:02] === Desktop arrancando (stdout line-buffered) ===
[2025-11-07 20:07:08] GOOGLE: EXCEPCION -> attempted relative import with no known parent package
[2025-11-07 20:07:18] GOOGLE: EXCEPCION -> attempted relative import with no known parent package
[2025-11-07 20:16:35] === Desktop arrancando (stdout line-buffered) ===
[2025-11-07 20:16:38] GOOGLE: iniciando flujo PKCE...
[2025-11-07 20:16:44] GOOGLE: respuesta backend = {'ok': True, 'access_token': 'eyJhbGciOiJIUzI1NiIsInR5cCI6IkpXVCJ9.eyJzdWIiOiI2IiwidXNyIjoiZGF2aWRmZWxpcGU3dTcyQGdtYWlsLmNvbSIsInJvbCI6IkFETUlOIiwiZXhwIjoxNzYyNjUxMDA0fQ.ekpF2vDP_a2PyyDRLlJoPBwxd7TYQ6yKthppu1gxO7E', 'token_type': 'bearer', 'rol': 'ADMIN', 'usuario': 'davidfelipe7u72@gmail.com', 'nombre_usuario': 'davidfelipe7u72@gmail.com'}
[2025-11-07 20:18:09] === Desktop arrancando (stdout line-buffered) ===
[2025-11-07 20:18:11] GOOGLE: iniciando flujo PKCE...
[2025-11-07 20:18:17] GOOGLE: respuesta backend = {'ok': True, 'access_token': 'eyJhbGciOiJIUzI1NiIsInR5cCI6IkpXVCJ9.eyJzdWIiOiI2IiwidXNyIjoiZGF2aWRmZWxpcGU3dTcyQGdtYWlsLmNvbSIsInJvbCI6IkFETUlOIiwiZXhwIjoxNzYyNjUxMDk3fQ.zLhKJ_29Ww3vwQUfSYvEs40pYMSYuq4Y9Qe8sFQPs0Y', 'token_type': 'bearer', 'rol': 'ADMIN', 'usuario': 'davidfelipe7u72@gmail.com', 'nombre_usuario': 'davidfelipe7u72@gmail.com'}
[2025-11-07 21:05:11] === Desktop arrancando (stdout line-buffered) ===
[2025-11-07 21:05:15] GOOGLE: iniciando flujo PKCE...
[2025-11-07 21:05:20] GOOGLE: respuesta backend = {'ok': True, 'access_token': 'eyJhbGciOiJIUzI1NiIsInR5cCI6IkpXVCJ9.eyJzdWIiOiI2IiwidXNyIjoiZGF2aWRmZWxpcGU3dTcyQGdtYWlsLmNvbSIsInJvbCI6IkFETUlOIiwiZXhwIjoxNzYyNjUzOTIwfQ.wYdKxFNgqfS-Z-czX8jlK1YKBl2q8P94dbvxfcFiNkA', 'token_type': 'bearer', 'rol': 'ADMIN', 'usuario': 'davidfelipe7u72@gmail.com', 'nombre_usuario': 'davidfelipe7u72@gmail.com'}
[2025-11-07 21:06:00] === Desktop arrancando (stdout line-buffered) ===
[2025-11-07 21:15:28] === Desktop arrancando (stdout line-buffered) ===
[2025-11-07 21:21:53] === Desktop arrancando (stdout line-buffered) ===
[2025-11-07 21:42:56] === Desktop arrancando (stdout line-buffered) ===
[2025-11-07 21:50:19] === Desktop arrancando (stdout line-buffered) ===
[2025-11-07 21:51:16] === Desktop arrancando (stdout line-buffered) ===
[2025-11-07 21:51:18] GOOGLE: iniciando flujo PKCE...
[2025-11-07 21:51:24] GOOGLE: respuesta backend = {'ok': True, 'access_token': 'eyJhbGciOiJIUzI1NiIsInR5cCI6IkpXVCJ9.eyJzdWIiOiI2IiwidXNyIjoiZGF2aWRmZWxpcGU3dTcyQGdtYWlsLmNvbSIsInJvbCI6IkFETUlOIiwiZXhwIjoxNzYyNjU2Njg0fQ.eZj5-FLsbCSHZ9btiSRckFuKUoLb-ePkR1e6sAmICwk', 'token_type': 'bearer', 'rol': 'ADMIN', 'usuario': 'davidfelipe7u72@gmail.com', 'nombre_usuario': 'davidfelipe7u72@gmail.com'}
[2025-11-07 23:32:00] === Desktop arrancando (stdout line-buffered) ===
[2025-11-07 23:32:02] GOOGLE: iniciando flujo PKCE...
[2025-11-07 23:32:08] GOOGLE: respuesta backend = {'ok': True, 'access_token': 'eyJhbGciOiJIUzI1NiIsInR5cCI6IkpXVCJ9.eyJzdWIiOiI2IiwidXNyIjoiZGF2aWRmZWxpcGU3dTcyQGdtYWlsLmNvbSIsInJvbCI6IkFETUlOIiwiZXhwIjoxNzYyNjYyNzI4fQ.ngnGqxQwH3pg2eY6W2Go07eiYfpjbZEKCfchr5w9nzY', 'token_type': 'bearer', 'rol': 'ADMIN', 'usuario': 'davidfelipe7u72@gmail.com', 'nombre_usuario': 'davidfelipe7u72@gmail.com'}
[2025-11-07 23:37:20] === Desktop arrancando (stdout line-buffered) ===
[2025-11-07 23:37:22] GOOGLE: iniciando flujo PKCE...
[2025-11-07 23:37:28] GOOGLE: respuesta backend = {'ok': True, 'access_token': 'eyJhbGciOiJIUzI1NiIsInR5cCI6IkpXVCJ9.eyJzdWIiOiI2IiwidXNyIjoiZGF2aWRmZWxpcGU3dTcyQGdtYWlsLmNvbSIsInJvbCI6IkFETUlOIiwiZXhwIjoxNzYyNjYzMDQ4fQ.p2UnvbZwBKmYtIfLb_gw0QST1SB9HhaHgTpvvlSWPjg', 'token_type': 'bearer', 'rol': 'ADMIN', 'usuario': 'davidfelipe7u72@gmail.com', 'nombre_usuario': 'davidfelipe7u72@gmail.com'}
[2025-11-07 23:40:00] === Desktop arrancando (stdout line-buffered) ===
[2025-11-07 23:40:02] GOOGLE: iniciando flujo PKCE...
[2025-11-07 23:40:08] GOOGLE: respuesta backend = {'ok': True, 'access_token': 'eyJhbGciOiJIUzI1NiIsInR5cCI6IkpXVCJ9.eyJzdWIiOiI2IiwidXNyIjoiZGF2aWRmZWxpcGU3dTcyQGdtYWlsLmNvbSIsInJvbCI6IkFETUlOIiwiZXhwIjoxNzYyNjYzMjA4fQ.fSH5e6gvtWf1U-wtuW8bdKlCqPumI5NDQJUIQpSwh9E', 'token_type': 'bearer', 'rol': 'ADMIN', 'usuario': 'davidfelipe7u72@gmail.com', 'nombre_usuario': 'davidfelipe7u72@gmail.com'}
[2025-11-07 23:51:58] === Desktop arrancando (stdout line-buffered) ===
[2025-11-07 23:52:00] GOOGLE: iniciando flujo PKCE...
[2025-11-07 23:52:06] GOOGLE: respuesta backend = {'ok': True, 'access_token': 'eyJhbGciOiJIUzI1NiIsInR5cCI6IkpXVCJ9.eyJzdWIiOiI2IiwidXNyIjoiZGF2aWRmZWxpcGU3dTcyQGdtYWlsLmNvbSIsInJvbCI6IkFETUlOIiwiZXhwIjoxNzYyNjYzOTI2fQ.VCvx8DwUacHw_M6c2ckdaNLVHP1x3mqiHNgKVm7WtrA', 'token_type': 'bearer', 'rol': 'ADMIN', 'usuario': 'davidfelipe7u72@gmail.com', 'nombre_usuario': 'davidfelipe7u72@gmail.com'}
[2025-11-08 00:01:56] === Desktop arrancando (stdout line-buffered) ===
[2025-11-08 00:01:58] GOOGLE: iniciando flujo PKCE...
[2025-11-08 00:02:04] GOOGLE: respuesta backend = {'ok': True, 'access_token': 'eyJhbGciOiJIUzI1NiIsInR5cCI6IkpXVCJ9.eyJzdWIiOiI2IiwidXNyIjoiZGF2aWRmZWxpcGU3dTcyQGdtYWlsLmNvbSIsInJvbCI6IkFETUlOIiwiZXhwIjoxNzYyNjY0NTI0fQ.LECVOp4RkcadqoWQUH_9qTT6gG6kSZAPT-jLgx3lIEA', 'token_type': 'bearer', 'rol': 'ADMIN', 'usuario': 'davidfelipe7u72@gmail.com', 'nombre_usuario': 'davidfelipe7u72@gmail.com'}
[2025-11-08 00:12:07] === Desktop arrancando (stdout line-buffered) ===
[2025-11-08 00:12:09] GOOGLE: iniciando flujo PKCE...
[2025-11-08 00:12:15] GOOGLE: respuesta backend = {'ok': True, 'access_token': 'eyJhbGciOiJIUzI1NiIsInR5cCI6IkpXVCJ9.eyJzdWIiOiI2IiwidXNyIjoiZGF2aWRmZWxpcGU3dTcyQGdtYWlsLmNvbSIsInJvbCI6IkFETUlOIiwiZXhwIjoxNzYyNjY1MTM1fQ.qaSiSDxUGG8mxwi0r_43LfGR2WhMVyCYGaa0A5TV-60', 'token_type': 'bearer', 'rol': 'ADMIN', 'usuario': 'davidfelipe7u72@gmail.com', 'nombre_usuario': 'davidfelipe7u72@gmail.com'}
[2025-11-08 00:21:32] === Desktop arrancando (stdout line-buffered) ===
[2025-11-08 00:21:33] GOOGLE: iniciando flujo PKCE...
[2025-11-08 00:21:40] GOOGLE: respuesta backend = {'ok': True, 'access_token': 'eyJhbGciOiJIUzI1NiIsInR5cCI6IkpXVCJ9.eyJzdWIiOiI2IiwidXNyIjoiZGF2aWRmZWxpcGU3dTcyQGdtYWlsLmNvbSIsInJvbCI6IkFETUlOIiwiZXhwIjoxNzYyNjY1NzAwfQ.1njxxfp3Hu9c_1OOSJn8ltJtJB8zLe8XWg6CW-0h8Ig', 'token_type': 'bearer', 'rol': 'ADMIN', 'usuario': 'davidfelipe7u72@gmail.com', 'nombre_usuario': 'davidfelipe7u72@gmail.com'}
[2025-11-08 00:38:33] === Desktop arrancando (stdout line-buffered) ===
[2025-11-08 00:38:35] GOOGLE: iniciando flujo PKCE...
[2025-11-08 00:38:41] GOOGLE: respuesta backend = {'ok': True, 'access_token': 'eyJhbGciOiJIUzI1NiIsInR5cCI6IkpXVCJ9.eyJzdWIiOiI2IiwidXNyIjoiZGF2aWRmZWxpcGU3dTcyQGdtYWlsLmNvbSIsInJvbCI6IkFETUlOIiwiZXhwIjoxNzYyNjY2NzIxfQ.BuC4vR9iTL8wfnloRJrmvsAXijQXua8c62MUI-fO2Gg', 'token_type': 'bearer', 'rol': 'ADMIN', 'usuario': 'davidfelipe7u72@gmail.com', 'nombre_usuario': 'davidfelipe7u72@gmail.com'}
[2025-11-08 01:12:40] === Desktop arrancando (stdout line-buffered) ===
[2025-11-08 01:12:48] GOOGLE: iniciando flujo PKCE...
[2025-11-08 01:12:55] GOOGLE: respuesta backend = {'ok': True, 'access_token': 'eyJhbGciOiJIUzI1NiIsInR5cCI6IkpXVCJ9.eyJzdWIiOiI2IiwidXNyIjoiZGF2aWRmZWxpcGU3dTcyQGdtYWlsLmNvbSIsInJvbCI6IkFETUlOIiwiZXhwIjoxNzYyNjY4Nzc1fQ.2EvkUO7bK4KqGC8KEq2sMwbdMdGYsehn0jHQrlEr-GY', 'token_type': 'bearer', 'rol': 'ADMIN', 'usuario': 'davidfelipe7u72@gmail.com', 'nombre_usuario': 'davidfelipe7u72@gmail.com'}
[2025-11-08 01:19:47] === Desktop arrancando (stdout line-buffered) ===
[2025-11-08 01:19:49] GOOGLE: iniciando flujo PKCE...
[2025-11-08 01:19:56] GOOGLE: respuesta backend = {'ok': True, 'access_token': 'eyJhbGciOiJIUzI1NiIsInR5cCI6IkpXVCJ9.eyJzdWIiOiI2IiwidXNyIjoiZGF2aWRmZWxpcGU3dTcyQGdtYWlsLmNvbSIsInJvbCI6IkFETUlOIiwiZXhwIjoxNzYyNjY5MTk2fQ.wOjoNEjhXqh8H_9i2oJLtwoZqO7Zseg4e4CvFHQXrhw', 'token_type': 'bearer', 'rol': 'ADMIN', 'usuario': 'davidfelipe7u72@gmail.com', 'nombre_usuario': 'davidfelipe7u72@gmail.com'}
[2025-11-08 01:40:24] === Desktop arrancando (stdout line-buffered) ===
[2025-11-08 01:40:27] GOOGLE: iniciando flujo PKCE...
[2025-11-08 01:40:39] GOOGLE: respuesta backend = {'ok': True, 'access_token': 'eyJhbGciOiJIUzI1NiIsInR5cCI6IkpXVCJ9.eyJzdWIiOiI2IiwidXNyIjoiZGF2aWRmZWxpcGU3dTcyQGdtYWlsLmNvbSIsInJvbCI6IkFETUlOIiwiZXhwIjoxNzYyNjcwNDM5fQ.qsDek3ZgbrUAsN5w3qsNpngiUcwmVb-VZtWUsfQcDTo', 'token_type': 'bearer', 'rol': 'ADMIN', 'usuario': 'davidfelipe7u72@gmail.com', 'nombre_usuario': 'davidfelipe7u72@gmail.com'}
[2025-11-08 01:54:31] === Desktop arrancando (stdout line-buffered) ===
[2025-11-08 01:54:34] GOOGLE: iniciando flujo PKCE...
[2025-11-08 01:54:44] GOOGLE: respuesta backend = {'ok': True, 'access_token': 'eyJhbGciOiJIUzI1NiIsInR5cCI6IkpXVCJ9.eyJzdWIiOiI2IiwidXNyIjoiZGF2aWRmZWxpcGU3dTcyQGdtYWlsLmNvbSIsInJvbCI6IkFETUlOIiwiZXhwIjoxNzYyNjcxMjg0fQ.DsYgmQIVwwYZDqh8hREKiBPrr66PzTQFweeHBgrwNcw', 'token_type': 'bearer', 'rol': 'ADMIN', 'usuario': 'davidfelipe7u72@gmail.com', 'nombre_usuario': 'davidfelipe7u72@gmail.com'}
[2025-11-08 02:17:12] === Desktop arrancando (stdout line-buffered) ===
[2025-11-08 02:17:17] GOOGLE: iniciando flujo PKCE...
[2025-11-08 02:17:28] GOOGLE: respuesta backend = {'ok': True, 'access_token': 'eyJhbGciOiJIUzI1NiIsInR5cCI6IkpXVCJ9.eyJzdWIiOiI2IiwidXNyIjoiZGF2aWRmZWxpcGU3dTcyQGdtYWlsLmNvbSIsInJvbCI6IkFETUlOIiwiZXhwIjoxNzYyNjcyNjQ4fQ.pkc3yXDF67Vb6pPYIuNpLffDU98HvMxzoK2OUeuFSDk', 'token_type': 'bearer', 'rol': 'ADMIN', 'usuario': 'davidfelipe7u72@gmail.com', 'nombre_usuario': 'davidfelipe7u72@gmail.com'}
[2025-11-08 02:22:34] === Desktop arrancando (stdout line-buffered) ===
[2025-11-08 03:10:56] === Desktop arrancando (stdout line-buffered) ===
[2025-11-08 11:06:16] === Desktop arrancando (stdout line-buffered) ===
[2025-11-08 11:10:40] === Desktop arrancando (stdout line-buffered) ===
[2025-11-08 11:13:31] === Desktop arrancando (stdout line-buffered) ===
[2025-11-08 11:14:50] === Desktop arrancando (stdout line-buffered) ===
[2025-11-08 11:15:13] === Desktop arrancando (stdout line-buffered) ===
[2025-11-08 11:20:37] === Desktop arrancando (stdout line-buffered) ===
[2025-11-08 11:22:22] === Desktop arrancando (stdout line-buffered) ===
[2025-11-08 11:24:36] === Desktop arrancando (stdout line-buffered) ===
[2025-11-13 15:12:38] === Desktop arrancando (stdout line-buffered) ===
[2025-11-13 15:20:55] === Desktop arrancando (stdout line-buffered) ===
[2025-11-13 15:32:58] === Desktop arrancando (stdout line-buffered) ===
[2025-11-13 15:41:56] === Desktop arrancando (stdout line-buffered) ===
[2025-11-13 15:51:08] === Desktop arrancando (stdout line-buffered) ===
[2025-11-13 15:51:25] === Desktop arrancando (stdout line-buffered) ===
[2025-11-13 16:01:33] === Desktop arrancando (stdout line-buffered) ===
[2025-11-13 16:34:39] === Desktop arrancando (stdout line-buffered) ===
[2025-11-13 16:51:26] === Desktop arrancando (stdout line-buffered) ===
[2025-11-13 17:16:32] === Desktop arrancando (stdout line-buffered) ===
[2025-11-13 17:19:13] === Desktop arrancando (stdout line-buffered) ===
[2025-11-13 17:27:31] === Desktop arrancando (stdout line-buffered) ===
[2025-11-13 17:28:46] === Desktop arrancando (stdout line-buffered) ===
[2025-11-13 17:29:23] === Desktop arrancando (stdout line-buffered) ===
[2025-11-13 17:34:41] === Desktop arrancando (stdout line-buffered) ===
[2025-11-13 17:44:00] === Desktop arrancando (stdout line-buffered) ===
[2025-11-13 17:59:29] === Desktop arrancando (stdout line-buffered) ===
[2025-11-13 18:09:38] === Desktop arrancando (stdout line-buffered) ===
[2025-11-14 16:13:05] === Desktop arrancando (stdout line-buffered) ===
[2025-11-15 20:33:56] === Desktop arrancando (stdout line-buffered) ===
[2025-11-17 09:54:40] === Desktop arrancando (stdout line-buffered) ===
[2025-11-17 10:09:20] === Desktop arrancando (stdout line-buffered) ===
[2025-11-17 10:16:12] === Desktop arrancando (stdout line-buffered) ===
[2025-11-17 10:41:10] === Desktop arrancando (stdout line-buffered) ===
[2025-11-17 10:43:21] === Desktop arrancando (stdout line-buffered) ===
